[Resource("A0",["analog"]),
 Resource("A1",["analog"]),
 Resource("A2",["analog"]),
 Resource("A3",["analog"]),
 Resource("A4",["analog","i2cpin"]),
 Resource("A5",["analog","i2cpin"]),
 Resource("0",["digital","serialpin"]),
 Resource("1",["digital","serialpin"]),
 Resource("2",["digital","interrupt"]),
 Resource("3",["digital","interrupt","PWM"]),
 Resource("4",["digital"]),
 Resource("5",["digital","PWM"]),
 Resource("6",["digital","PWM"]),
 Resource("7",["digital"]),
 Resource("8",["digital"]),
 Resource("9",["digital","PWM"]),
 Resource("10",["digital","PWM","SPIpin"]),
 Resource("11",["digital","PWM","SPIpin"]),
 Resource("12",["digital","SPIpin"]),
 Resource("13",["digital","SPIpin"]),
 Resource("serial",["serial"],["0","1"]),
 Resource("spi",["spi"],["10","11","12","13"]),
 Resource("i2c",["i2c","multi"],["A4","A5"])]